<?xml version="1.0" encoding="UTF-8"?>
<!-- Generated by org.testng.reporters.JUnitXMLReporter -->
<testsuite hostname="ASDP1749PO02529" ignored="0" name="Default test" tests="3" failures="0" timestamp="27 Jun 2018 10:42:05 GMT" time="9.643" errors="0">
  <testcase name="gridGateRed" time="0.244" classname="testngpom.TatocTest"/>
  <testcase name="gridGateGreen" time="0.49" classname="testngpom.TatocTest"/>
  <testcase name="differentBoxes" time="0.309" classname="testngpom.TatocTest"/>
</testsuite> <!-- Default test -->
